2026-05-23 03:43:12,391 | INFO | System initialized
2026-05-23 03:43:12,572 | INFO | Webcam stream initialized
2026-05-23 03:43:12,606 | INFO | YOLO model loaded
2026-05-23 03:43:12,721 | INFO | Video writer initialized
2026-05-23 03:43:13,344 | INFO | Detections: 1
2026-05-23 03:43:13,345 | INFO | FPS: 1.35
2026-05-23 03:43:13,366 | INFO | Screenshot saved: outputs/screenshots/frame_0.jpg
2026-05-23 03:43:13,526 | INFO | Detections: 1
2026-05-23 03:43:13,526 | INFO | FPS: 5.53
2026-05-23 03:43:13,588 | INFO | Detections: 1
2026-05-23 03:43:13,589 | INFO | FPS: 15.85
2026-05-23 03:43:13,651 | INFO | Detections: 1
2026-05-23 03:43:13,651 | INFO | FPS: 16.1
2026-05-23 03:43:13,707 | INFO | Detections: 1
2026-05-23 03:43:13,708 | INFO | FPS: 17.52
2026-05-23 03:43:13,765 | INFO | Detections: 1
2026-05-23 03:43:13,765 | INFO | FPS: 17.6
2026-05-23 03:43:13,819 | INFO | Detections: 1
2026-05-23 03:43:13,819 | INFO | FPS: 18.34
2026-05-23 03:43:13,871 | INFO | Detections: 1
2026-05-23 03:43:13,871 | INFO | FPS: 19.21
2026-05-23 03:43:13,933 | INFO | Detections: 1
2026-05-23 03:43:13,933 | INFO | FPS: 16.31
2026-05-23 03:43:13,983 | INFO | Detections: 1
2026-05-23 03:43:13,983 | INFO | FPS: 19.78
2026-05-23 03:43:14,044 | INFO | Detections: 1
2026-05-23 03:43:14,045 | INFO | FPS: 16.34
2026-05-23 03:43:14,101 | INFO | Detections: 1
2026-05-23 03:43:14,101 | INFO | FPS: 17.63
2026-05-23 03:43:14,154 | INFO | Detections: 1
2026-05-23 03:43:14,154 | INFO | FPS: 19.11
2026-05-23 03:43:14,234 | INFO | Detections: 1
2026-05-23 03:43:14,234 | INFO | FPS: 12.46
2026-05-23 03:43:14,284 | INFO | Detections: 1
2026-05-23 03:43:14,284 | INFO | FPS: 19.86
2026-05-23 03:43:14,340 | INFO | Detections: 1
2026-05-23 03:43:14,340 | INFO | FPS: 17.92
2026-05-23 03:43:14,399 | INFO | Detections: 1
2026-05-23 03:43:14,399 | INFO | FPS: 16.89
2026-05-23 03:43:14,454 | INFO | Detections: 1
2026-05-23 03:43:14,454 | INFO | FPS: 18.36
2026-05-23 03:43:14,518 | INFO | Detections: 1
2026-05-23 03:43:14,518 | INFO | FPS: 15.47
2026-05-23 03:43:14,573 | INFO | Detections: 1
2026-05-23 03:43:14,574 | INFO | FPS: 18.29
2026-05-23 03:43:14,628 | INFO | Detections: 1
2026-05-23 03:43:14,628 | INFO | FPS: 18.24
2026-05-23 03:43:14,679 | INFO | Detections: 1
2026-05-23 03:43:14,680 | INFO | FPS: 19.22
2026-05-23 03:43:14,743 | INFO | Detections: 1
2026-05-23 03:43:14,743 | INFO | FPS: 15.72
2026-05-23 03:43:14,798 | INFO | Detections: 1
2026-05-23 03:43:14,799 | INFO | FPS: 18.16
2026-05-23 03:43:14,850 | INFO | Detections: 1
2026-05-23 03:43:14,851 | INFO | FPS: 19.22
2026-05-23 03:43:14,935 | INFO | Detections: 1
2026-05-23 03:43:14,936 | INFO | FPS: 11.66
2026-05-23 03:43:14,993 | INFO | Detections: 1
2026-05-23 03:43:14,994 | INFO | FPS: 17.32
2026-05-23 03:43:15,045 | INFO | Detections: 1
2026-05-23 03:43:15,045 | INFO | FPS: 19.58
2026-05-23 03:43:15,143 | INFO | Detections: 1
2026-05-23 03:43:15,144 | INFO | FPS: 10.13
2026-05-23 03:43:15,194 | INFO | Detections: 1
2026-05-23 03:43:15,194 | INFO | FPS: 19.97
2026-05-23 03:43:15,247 | INFO | Detections: 1
2026-05-23 03:43:15,248 | INFO | FPS: 18.44
2026-05-23 03:43:15,335 | INFO | Detections: 1
2026-05-23 03:43:15,335 | INFO | FPS: 11.56
2026-05-23 03:43:15,387 | INFO | Detections: 1
2026-05-23 03:43:15,387 | INFO | FPS: 18.98
2026-05-23 03:43:15,441 | INFO | Detections: 1
2026-05-23 03:43:15,441 | INFO | FPS: 18.67
2026-05-23 03:43:15,545 | INFO | Detections: 1
2026-05-23 03:43:15,545 | INFO | FPS: 9.57
2026-05-23 03:43:15,599 | INFO | Detections: 1
2026-05-23 03:43:15,599 | INFO | FPS: 18.62
2026-05-23 03:43:15,649 | INFO | Detections: 1
2026-05-23 03:43:15,649 | INFO | FPS: 19.97
2026-05-23 03:43:15,734 | INFO | Detections: 1
2026-05-23 03:43:15,734 | INFO | FPS: 11.81
2026-05-23 03:43:15,793 | INFO | Detections: 1
2026-05-23 03:43:15,793 | INFO | FPS: 16.79
2026-05-23 03:43:15,846 | INFO | Detections: 1
2026-05-23 03:43:15,846 | INFO | FPS: 19.09
2026-05-23 03:43:15,944 | INFO | Detections: 2
2026-05-23 03:43:15,944 | INFO | FPS: 10.2
2026-05-23 03:43:16,001 | INFO | Detections: 2
2026-05-23 03:43:16,002 | INFO | FPS: 17.23
2026-05-23 03:43:16,056 | INFO | Detections: 3
2026-05-23 03:43:16,057 | INFO | FPS: 18.28
2026-05-23 03:43:16,136 | INFO | Detections: 2
2026-05-23 03:43:16,137 | INFO | FPS: 12.43
2026-05-23 03:43:16,188 | INFO | Detections: 2
2026-05-23 03:43:16,189 | INFO | FPS: 19.08
2026-05-23 03:43:16,242 | INFO | Detections: 1
2026-05-23 03:43:16,242 | INFO | FPS: 19.02
2026-05-23 03:43:16,343 | INFO | Detections: 1
2026-05-23 03:43:16,343 | INFO | FPS: 9.86
2026-05-23 03:43:16,395 | INFO | Detections: 1
2026-05-23 03:43:16,395 | INFO | FPS: 19.29
2026-05-23 03:43:16,445 | INFO | Detections: 1
2026-05-23 03:43:16,445 | INFO | FPS: 20.01
2026-05-23 03:43:16,534 | INFO | Detections: 1
2026-05-23 03:43:16,534 | INFO | FPS: 11.24
2026-05-23 03:43:16,585 | INFO | Detections: 1
2026-05-23 03:43:16,585 | INFO | FPS: 19.63
2026-05-23 03:43:16,635 | INFO | Detections: 1
2026-05-23 03:43:16,636 | INFO | FPS: 19.54
2026-05-23 03:43:16,728 | INFO | Detections: 1
2026-05-23 03:43:16,729 | INFO | FPS: 10.8
2026-05-23 03:43:16,781 | INFO | Detections: 1
2026-05-23 03:43:16,781 | INFO | FPS: 19.29
2026-05-23 03:43:16,835 | INFO | Detections: 1
2026-05-23 03:43:16,835 | INFO | FPS: 18.3
2026-05-23 03:43:16,886 | INFO | Detections: 1
2026-05-23 03:43:16,886 | INFO | FPS: 19.87
2026-05-23 03:43:16,937 | INFO | Detections: 1
2026-05-23 03:43:16,937 | INFO | FPS: 19.58
2026-05-23 03:43:16,986 | INFO | Detections: 1
2026-05-23 03:43:16,986 | INFO | FPS: 20.12
2026-05-23 03:43:17,039 | INFO | Detections: 1
2026-05-23 03:43:17,039 | INFO | FPS: 19.17
2026-05-23 03:43:17,094 | INFO | Detections: 1
2026-05-23 03:43:17,094 | INFO | FPS: 17.91
2026-05-23 03:43:17,145 | INFO | Detections: 1
2026-05-23 03:43:17,146 | INFO | FPS: 19.33
2026-05-23 03:43:17,241 | INFO | Detections: 1
2026-05-23 03:43:17,241 | INFO | FPS: 10.54
2026-05-23 03:43:17,302 | INFO | Detections: 1
2026-05-23 03:43:17,302 | INFO | FPS: 16.37
2026-05-23 03:43:17,355 | INFO | Detections: 1
2026-05-23 03:43:17,356 | INFO | FPS: 18.47
2026-05-23 03:43:17,432 | INFO | Detections: 1
2026-05-23 03:43:17,432 | INFO | FPS: 13.24
2026-05-23 03:43:17,483 | INFO | Detections: 1
2026-05-23 03:43:17,484 | INFO | FPS: 19.11
2026-05-23 03:43:17,538 | INFO | Detections: 1
2026-05-23 03:43:17,539 | INFO | FPS: 18.23
2026-05-23 03:43:17,643 | INFO | Detections: 1
2026-05-23 03:43:17,643 | INFO | FPS: 9.63
2026-05-23 03:43:17,696 | INFO | Detections: 1
2026-05-23 03:43:17,696 | INFO | FPS: 18.9
2026-05-23 03:43:17,749 | INFO | Detections: 1
2026-05-23 03:43:17,749 | INFO | FPS: 18.85
2026-05-23 03:43:17,830 | INFO | Detections: 1
2026-05-23 03:43:17,831 | INFO | FPS: 12.16
2026-05-23 03:43:17,883 | INFO | Detections: 1
2026-05-23 03:43:17,883 | INFO | FPS: 19.41
2026-05-23 03:43:17,936 | INFO | Detections: 1
2026-05-23 03:43:17,936 | INFO | FPS: 18.81
2026-05-23 03:43:18,039 | INFO | Detections: 1
2026-05-23 03:43:18,040 | INFO | FPS: 9.59
2026-05-23 03:43:18,091 | INFO | Detections: 1
2026-05-23 03:43:18,092 | INFO | FPS: 19.34
2026-05-23 03:43:18,146 | INFO | Detections: 1
2026-05-23 03:43:18,146 | INFO | FPS: 18.31
2026-05-23 03:43:18,230 | INFO | Detections: 1
2026-05-23 03:43:18,231 | INFO | FPS: 11.88
2026-05-23 03:43:18,281 | INFO | Detections: 1
2026-05-23 03:43:18,281 | INFO | FPS: 19.71
2026-05-23 03:43:18,332 | INFO | Detections: 1
2026-05-23 03:43:18,333 | INFO | FPS: 19.28
2026-05-23 03:43:18,440 | INFO | Detections: 1
2026-05-23 03:43:18,440 | INFO | FPS: 9.37
2026-05-23 03:43:18,491 | INFO | Detections: 1
2026-05-23 03:43:18,491 | INFO | FPS: 19.57
2026-05-23 03:43:18,547 | INFO | Detections: 1
2026-05-23 03:43:18,547 | INFO | FPS: 17.97
2026-05-23 03:43:18,629 | INFO | Detections: 1
2026-05-23 03:43:18,630 | INFO | FPS: 12.01
2026-05-23 03:43:18,687 | INFO | Detections: 1
2026-05-23 03:43:18,687 | INFO | FPS: 17.37
2026-05-23 03:43:18,739 | INFO | Detections: 2
2026-05-23 03:43:18,739 | INFO | FPS: 19.53
2026-05-23 03:43:18,837 | INFO | Detections: 1
2026-05-23 03:43:18,838 | INFO | FPS: 10.08
2026-05-23 03:43:18,887 | INFO | Detections: 1
2026-05-23 03:43:18,887 | INFO | FPS: 20.21
2026-05-23 03:43:18,942 | INFO | Detections: 1
2026-05-23 03:43:18,942 | INFO | FPS: 18.4
2026-05-23 03:43:19,031 | INFO | Detections: 1
2026-05-23 03:43:19,032 | INFO | FPS: 11.02
2026-05-23 03:43:19,088 | INFO | Detections: 1
2026-05-23 03:43:19,088 | INFO | FPS: 18.01
2026-05-23 03:43:19,138 | INFO | Detections: 2
2026-05-23 03:43:19,138 | INFO | FPS: 20.04
2026-05-23 03:43:19,242 | INFO | Detections: 1
2026-05-23 03:43:19,242 | INFO | FPS: 9.63
2026-05-23 03:43:19,298 | INFO | Detections: 1
2026-05-23 03:43:19,299 | INFO | FPS: 17.33
2026-05-23 03:43:19,353 | INFO | Detections: 1
2026-05-23 03:43:19,354 | INFO | FPS: 18.35
2026-05-23 03:43:19,435 | INFO | Detections: 1
2026-05-23 03:43:19,436 | INFO | FPS: 12.19
2026-05-23 03:43:19,491 | INFO | Detections: 1
2026-05-23 03:43:19,492 | INFO | FPS: 17.79
2026-05-23 03:43:19,546 | INFO | Detections: 1
2026-05-23 03:43:19,547 | INFO | FPS: 18.26
2026-05-23 03:43:19,639 | INFO | Detections: 1
2026-05-23 03:43:19,640 | INFO | FPS: 10.77
2026-05-23 03:43:19,694 | INFO | Detections: 1
2026-05-23 03:43:19,694 | INFO | FPS: 18.48
2026-05-23 03:43:19,747 | INFO | Detections: 1
2026-05-23 03:43:19,747 | INFO | FPS: 18.74
2026-05-23 03:43:19,830 | INFO | Detections: 1
2026-05-23 03:43:19,831 | INFO | FPS: 11.95
2026-05-23 03:43:19,849 | INFO | Screenshot saved: outputs/screenshots/frame_100.jpg
2026-05-23 03:43:19,901 | INFO | Detections: 1
2026-05-23 03:43:19,901 | INFO | FPS: 14.36
2026-05-23 03:43:19,953 | INFO | Detections: 1
2026-05-23 03:43:19,953 | INFO | FPS: 19.04
2026-05-23 03:43:20,043 | INFO | Detections: 1
2026-05-23 03:43:20,044 | INFO | FPS: 10.98
2026-05-23 03:43:20,099 | INFO | Detections: 1
2026-05-23 03:43:20,099 | INFO | FPS: 18.22
2026-05-23 03:43:20,154 | INFO | Detections: 1
2026-05-23 03:43:20,154 | INFO | FPS: 18.12
2026-05-23 03:43:20,233 | INFO | Detections: 2
2026-05-23 03:43:20,234 | INFO | FPS: 12.57
2026-05-23 03:43:20,289 | INFO | Detections: 2
2026-05-23 03:43:20,289 | INFO | FPS: 17.98
2026-05-23 03:43:20,344 | INFO | Detections: 2
2026-05-23 03:43:20,345 | INFO | FPS: 18.11
2026-05-23 03:43:20,448 | INFO | Detections: 1
2026-05-23 03:43:20,449 | INFO | FPS: 9.54
2026-05-23 03:43:20,503 | INFO | Detections: 1
2026-05-23 03:43:20,503 | INFO | FPS: 18.49
2026-05-23 03:43:20,559 | INFO | Detections: 1
2026-05-23 03:43:20,560 | INFO | FPS: 17.61
2026-05-23 03:43:20,638 | INFO | Detections: 1
2026-05-23 03:43:20,638 | INFO | FPS: 12.89
2026-05-23 03:43:20,703 | INFO | Detections: 1
2026-05-23 03:43:20,703 | INFO | FPS: 15.31
2026-05-23 03:43:20,766 | INFO | Detections: 1
2026-05-23 03:43:20,766 | INFO | FPS: 15.93
2026-05-23 03:43:20,855 | INFO | Detections: 2
2026-05-23 03:43:20,855 | INFO | FPS: 11.18
2026-05-23 03:43:20,925 | INFO | Detections: 2
2026-05-23 03:43:20,927 | INFO | FPS: 14.04
2026-05-23 03:43:21,000 | INFO | Detections: 2
2026-05-23 03:43:21,001 | INFO | FPS: 13.37
2026-05-23 03:43:21,073 | INFO | Detections: 3
2026-05-23 03:43:21,074 | INFO | FPS: 13.7
2026-05-23 03:43:21,149 | INFO | Detections: 3
2026-05-23 03:43:21,149 | INFO | FPS: 13.37
2026-05-23 03:43:21,241 | INFO | Detections: 2
2026-05-23 03:43:21,241 | INFO | FPS: 10.93
2026-05-23 03:43:21,337 | INFO | Detections: 2
2026-05-23 03:43:21,338 | INFO | FPS: 10.32
2026-05-23 03:43:21,423 | INFO | Detections: 1
2026-05-23 03:43:21,424 | INFO | FPS: 11.6
2026-05-23 03:43:21,507 | INFO | Detections: 1
2026-05-23 03:43:21,507 | INFO | FPS: 12.06
2026-05-23 03:43:21,584 | INFO | Detections: 1
2026-05-23 03:43:21,585 | INFO | FPS: 12.74
2026-05-23 03:43:21,660 | INFO | Detections: 1
2026-05-23 03:43:21,661 | INFO | FPS: 13.18
2026-05-23 03:43:21,732 | INFO | Detections: 1
2026-05-23 03:43:21,733 | INFO | FPS: 13.92
2026-05-23 03:43:21,804 | INFO | Detections: 1
2026-05-23 03:43:21,805 | INFO | FPS: 13.9
2026-05-23 03:43:21,879 | INFO | Detections: 1
2026-05-23 03:43:21,879 | INFO | FPS: 13.57
2026-05-23 03:43:21,956 | INFO | Detections: 1
2026-05-23 03:43:21,958 | INFO | FPS: 12.66
2026-05-23 03:43:22,061 | INFO | Detections: 2
2026-05-23 03:43:22,062 | INFO | FPS: 9.64
2026-05-23 03:43:22,138 | INFO | Detections: 2
2026-05-23 03:43:22,140 | INFO | FPS: 12.69
2026-05-23 03:43:22,232 | INFO | Detections: 1
2026-05-23 03:43:22,233 | INFO | FPS: 10.74
2026-05-23 03:43:22,322 | INFO | Detections: 1
2026-05-23 03:43:22,323 | INFO | FPS: 11.12
2026-05-23 03:43:22,414 | INFO | Detections: 2
2026-05-23 03:43:22,415 | INFO | FPS: 10.91
2026-05-23 03:43:22,490 | INFO | Detections: 2
2026-05-23 03:43:22,490 | INFO | FPS: 13.28
2026-05-23 03:43:22,566 | INFO | Detections: 1
2026-05-23 03:43:22,566 | INFO | FPS: 13.1
2026-05-23 03:43:22,648 | INFO | Detections: 1
2026-05-23 03:43:22,648 | INFO | FPS: 12.29
2026-05-23 03:43:22,719 | INFO | Detections: 3
2026-05-23 03:43:22,720 | INFO | FPS: 13.82
2026-05-23 03:43:22,791 | INFO | Detections: 2
2026-05-23 03:43:22,792 | INFO | FPS: 13.95
2026-05-23 03:43:22,861 | INFO | Detections: 1
2026-05-23 03:43:22,862 | INFO | FPS: 14.29
2026-05-23 03:43:22,955 | INFO | Detections: 2
2026-05-23 03:43:22,956 | INFO | FPS: 10.65
2026-05-23 03:43:23,035 | INFO | Detections: 2
2026-05-23 03:43:23,036 | INFO | FPS: 12.5
2026-05-23 03:43:23,112 | INFO | Detections: 2
2026-05-23 03:43:23,112 | INFO | FPS: 13.17
2026-05-23 03:43:23,194 | INFO | Detections: 2
2026-05-23 03:43:23,195 | INFO | FPS: 11.97
2026-05-23 03:43:23,280 | INFO | Detections: 2
2026-05-23 03:43:23,280 | INFO | FPS: 11.75
2026-05-23 03:43:23,368 | INFO | Detections: 2
2026-05-23 03:43:23,369 | INFO | FPS: 11.32
2026-05-23 03:43:23,455 | INFO | Detections: 1
2026-05-23 03:43:23,455 | INFO | FPS: 11.58
2026-05-23 03:43:23,534 | INFO | Detections: 2
2026-05-23 03:43:23,534 | INFO | FPS: 12.63
2026-05-23 03:43:23,611 | INFO | Detections: 3
2026-05-23 03:43:23,611 | INFO | FPS: 13.01
2026-05-23 03:43:23,688 | INFO | Detections: 3
2026-05-23 03:43:23,688 | INFO | FPS: 13.08
2026-05-23 03:43:23,759 | INFO | Detections: 2
2026-05-23 03:43:23,762 | INFO | FPS: 13.51
2026-05-23 03:43:23,835 | INFO | Detections: 3
2026-05-23 03:43:23,836 | INFO | FPS: 13.47
2026-05-23 03:43:23,909 | INFO | Detections: 1
2026-05-23 03:43:23,910 | INFO | FPS: 13.43
2026-05-23 03:43:23,985 | INFO | Detections: 1
2026-05-23 03:43:23,986 | INFO | FPS: 13.26
2026-05-23 03:43:24,061 | INFO | Detections: 2
2026-05-23 03:43:24,062 | INFO | FPS: 13.04
2026-05-23 03:43:24,153 | INFO | Detections: 1
2026-05-23 03:43:24,153 | INFO | FPS: 11.02
2026-05-23 03:43:24,242 | INFO | Detections: 2
2026-05-23 03:43:24,243 | INFO | FPS: 11.12
2026-05-23 03:43:24,331 | INFO | Detections: 2
2026-05-23 03:43:24,331 | INFO | FPS: 11.31
2026-05-23 03:43:24,414 | INFO | Detections: 1
2026-05-23 03:43:24,415 | INFO | FPS: 11.96
2026-05-23 03:43:24,486 | INFO | Detections: 1
2026-05-23 03:43:24,487 | INFO | FPS: 13.89
2026-05-23 03:43:24,563 | INFO | Detections: 1
2026-05-23 03:43:24,564 | INFO | FPS: 12.92
2026-05-23 03:43:24,636 | INFO | Detections: 1
2026-05-23 03:43:24,636 | INFO | FPS: 13.93
2026-05-23 03:43:24,708 | INFO | Detections: 1
2026-05-23 03:43:24,709 | INFO | FPS: 13.68
2026-05-23 03:43:24,781 | INFO | Detections: 1
2026-05-23 03:43:24,781 | INFO | FPS: 13.89
2026-05-23 03:43:24,856 | INFO | Detections: 1
2026-05-23 03:43:24,857 | INFO | FPS: 13.11
2026-05-23 03:43:24,932 | INFO | Detections: 2
2026-05-23 03:43:24,933 | INFO | FPS: 13.27
2026-05-23 03:43:25,006 | INFO | Detections: 2
2026-05-23 03:43:25,008 | INFO | FPS: 13.36
2026-05-23 03:43:25,083 | INFO | Detections: 2
2026-05-23 03:43:25,084 | INFO | FPS: 13.07
2026-05-23 03:43:25,178 | INFO | Detections: 2
2026-05-23 03:43:25,178 | INFO | FPS: 10.68
2026-05-23 03:43:25,264 | INFO | Detections: 2
2026-05-23 03:43:25,265 | INFO | FPS: 11.47
2026-05-23 03:43:25,354 | INFO | Detections: 4
2026-05-23 03:43:25,355 | INFO | FPS: 11.1
2026-05-23 03:43:25,437 | INFO | Detections: 3
2026-05-23 03:43:25,438 | INFO | FPS: 12.08
2026-05-23 03:43:25,516 | INFO | Detections: 3
2026-05-23 03:43:25,516 | INFO | FPS: 12.76
2026-05-23 03:43:25,594 | INFO | Detections: 3
2026-05-23 03:43:25,595 | INFO | FPS: 12.7
2026-05-23 03:43:25,666 | INFO | Detections: 3
2026-05-23 03:43:25,667 | INFO | FPS: 13.87
2026-05-23 03:43:25,737 | INFO | Detections: 3
2026-05-23 03:43:25,738 | INFO | FPS: 14.13
2026-05-23 03:43:25,816 | INFO | Detections: 3
2026-05-23 03:43:25,816 | INFO | FPS: 12.83
2026-05-23 03:43:25,885 | INFO | Detections: 3
2026-05-23 03:43:25,886 | INFO | FPS: 14.18
2026-05-23 03:43:25,959 | INFO | Detections: 4
2026-05-23 03:43:25,960 | INFO | FPS: 13.54
2026-05-23 03:43:26,039 | INFO | Detections: 4
2026-05-23 03:43:26,040 | INFO | FPS: 12.45
2026-05-23 03:43:26,115 | INFO | Detections: 2
2026-05-23 03:43:26,115 | INFO | FPS: 13.35
2026-05-23 03:43:26,189 | INFO | Detections: 2
2026-05-23 03:43:26,189 | INFO | FPS: 13.56
2026-05-23 03:43:26,268 | INFO | Detections: 2
2026-05-23 03:43:26,269 | INFO | FPS: 12.57
2026-05-23 03:43:26,343 | INFO | Detections: 2
2026-05-23 03:43:26,344 | INFO | FPS: 13.26
2026-05-23 03:43:26,431 | INFO | Detections: 2
2026-05-23 03:43:26,431 | INFO | FPS: 11.47
2026-05-23 03:43:26,523 | INFO | Detections: 2
2026-05-23 03:43:26,525 | INFO | FPS: 10.73
2026-05-23 03:43:26,608 | INFO | Detections: 3
2026-05-23 03:43:26,609 | INFO | FPS: 11.85
2026-05-23 03:43:26,693 | INFO | Detections: 2
2026-05-23 03:43:26,693 | INFO | FPS: 11.83
2026-05-23 03:43:26,769 | INFO | Detections: 2
2026-05-23 03:43:26,769 | INFO | FPS: 13.22
2026-05-23 03:43:26,845 | INFO | Detections: 3
2026-05-23 03:43:26,845 | INFO | FPS: 13.18
2026-05-23 03:43:26,917 | INFO | Detections: 2
2026-05-23 03:43:26,917 | INFO | FPS: 13.82
2026-05-23 03:43:26,992 | INFO | Detections: 2
2026-05-23 03:43:26,993 | INFO | FPS: 13.25
2026-05-23 03:43:27,064 | INFO | Detections: 2
2026-05-23 03:43:27,065 | INFO | FPS: 13.86
2026-05-23 03:43:27,137 | INFO | Detections: 2
2026-05-23 03:43:27,137 | INFO | FPS: 13.83
2026-05-23 03:43:27,214 | INFO | Detections: 2
2026-05-23 03:43:27,215 | INFO | FPS: 12.87
2026-05-23 03:43:27,289 | INFO | Detections: 1
2026-05-23 03:43:27,290 | INFO | FPS: 13.29
2026-05-23 03:43:27,365 | INFO | Detections: 2
2026-05-23 03:43:27,365 | INFO | FPS: 13.37
2026-05-23 03:43:27,441 | INFO | Detections: 2
2026-05-23 03:43:27,442 | INFO | FPS: 12.99
2026-05-23 03:43:27,516 | INFO | Detections: 2
2026-05-23 03:43:27,517 | INFO | FPS: 13.36
2026-05-23 03:43:27,592 | INFO | Detections: 2
2026-05-23 03:43:27,593 | INFO | FPS: 13.2
2026-05-23 03:43:27,619 | INFO | Screenshot saved: outputs/screenshots/frame_200.jpg
2026-05-23 03:43:27,699 | INFO | Detections: 1
2026-05-23 03:43:27,699 | INFO | FPS: 9.41
2026-05-23 03:43:27,774 | INFO | Detections: 1
2026-05-23 03:43:27,775 | INFO | FPS: 13.18
2026-05-23 03:43:27,847 | INFO | Detections: 0
2026-05-23 03:43:27,848 | INFO | FPS: 13.57
2026-05-23 03:43:27,949 | INFO | Detections: 0
2026-05-23 03:43:27,950 | INFO | FPS: 9.87
2026-05-23 03:43:28,035 | INFO | Detections: 1
2026-05-23 03:43:28,036 | INFO | FPS: 11.66
2026-05-23 03:43:28,115 | INFO | Detections: 2
2026-05-23 03:43:28,115 | INFO | FPS: 12.55
2026-05-23 03:43:28,198 | INFO | Detections: 2
2026-05-23 03:43:28,198 | INFO | FPS: 12.11
2026-05-23 03:43:28,271 | INFO | Detections: 1
2026-05-23 03:43:28,272 | INFO | FPS: 13.47
2026-05-23 03:43:28,344 | INFO | Detections: 1
2026-05-23 03:43:28,345 | INFO | FPS: 13.79
2026-05-23 03:43:28,419 | INFO | Detections: 0
2026-05-23 03:43:28,419 | INFO | FPS: 13.42
2026-05-23 03:43:28,488 | INFO | Detections: 0
2026-05-23 03:43:28,489 | INFO | FPS: 14.54
2026-05-23 03:43:28,561 | INFO | Detections: 0
2026-05-23 03:43:28,561 | INFO | FPS: 13.64
2026-05-23 03:43:28,639 | INFO | Detections: 1
2026-05-23 03:43:28,639 | INFO | FPS: 12.79
2026-05-23 03:43:28,715 | INFO | Detections: 0
2026-05-23 03:43:28,716 | INFO | FPS: 13.08
2026-05-23 03:43:28,790 | INFO | Detections: 0
2026-05-23 03:43:28,791 | INFO | FPS: 13.34
2026-05-23 03:43:28,868 | INFO | Detections: 0
2026-05-23 03:43:28,868 | INFO | FPS: 12.98
2026-05-23 03:43:28,945 | INFO | Detections: 0
2026-05-23 03:43:28,945 | INFO | FPS: 12.88
2026-05-23 03:43:29,019 | INFO | Detections: 0
2026-05-23 03:43:29,019 | INFO | FPS: 13.56
2026-05-23 03:43:29,119 | INFO | Detections: 2
2026-05-23 03:43:29,119 | INFO | FPS: 9.98
2026-05-23 03:43:29,207 | INFO | Detections: 2
2026-05-23 03:43:29,208 | INFO | FPS: 11.27
2026-05-23 03:43:29,291 | INFO | Detections: 1
2026-05-23 03:43:29,292 | INFO | FPS: 11.86
2026-05-23 03:43:29,377 | INFO | Detections: 1
2026-05-23 03:43:29,377 | INFO | FPS: 11.89
2026-05-23 03:43:29,453 | INFO | Detections: 1
2026-05-23 03:43:29,453 | INFO | FPS: 13.13
2026-05-23 03:43:29,533 | INFO | Detections: 3
2026-05-23 03:43:29,534 | INFO | FPS: 12.28
2026-05-23 03:43:29,611 | INFO | Detections: 2
2026-05-23 03:43:29,612 | INFO | FPS: 12.79
2026-05-23 03:43:29,685 | INFO | Detections: 3
2026-05-23 03:43:29,685 | INFO | FPS: 13.82
2026-05-23 03:43:29,756 | INFO | Detections: 2
2026-05-23 03:43:29,757 | INFO | FPS: 13.87
2026-05-23 03:43:29,833 | INFO | Detections: 2
2026-05-23 03:43:29,834 | INFO | FPS: 12.94
2026-05-23 03:43:29,904 | INFO | Detections: 2
2026-05-23 03:43:29,905 | INFO | FPS: 14.15
2026-05-23 03:43:29,980 | INFO | Detections: 2
2026-05-23 03:43:29,980 | INFO | FPS: 13.3
2026-05-23 03:43:30,057 | INFO | Detections: 2
2026-05-23 03:43:30,058 | INFO | FPS: 12.97
2026-05-23 03:43:30,134 | INFO | Detections: 2
2026-05-23 03:43:30,135 | INFO | FPS: 12.84
2026-05-23 03:43:30,209 | INFO | Detections: 1
2026-05-23 03:43:30,209 | INFO | FPS: 13.53
2026-05-23 03:43:30,286 | INFO | Detections: 1
2026-05-23 03:43:30,287 | INFO | FPS: 12.71
2026-05-23 03:43:30,363 | INFO | Detections: 0
2026-05-23 03:43:30,363 | INFO | FPS: 13.18
2026-05-23 03:43:30,439 | INFO | Detections: 1
2026-05-23 03:43:30,440 | INFO | FPS: 13.04
2026-05-23 03:43:30,515 | INFO | Detections: 0
2026-05-23 03:43:30,516 | INFO | FPS: 13.24
2026-05-23 03:43:30,592 | INFO | Detections: 1
2026-05-23 03:43:30,592 | INFO | FPS: 13.13
2026-05-23 03:43:30,672 | INFO | Detections: 1
2026-05-23 03:43:30,673 | INFO | FPS: 12.26
2026-05-23 03:43:30,764 | INFO | Detections: 0
2026-05-23 03:43:30,764 | INFO | FPS: 10.99
2026-05-23 03:43:30,849 | INFO | Detections: 0
2026-05-23 03:43:30,849 | INFO | FPS: 11.86
2026-05-23 03:43:30,928 | INFO | Detections: 0
2026-05-23 03:43:30,929 | INFO | FPS: 12.47
2026-05-23 03:43:31,008 | INFO | Detections: 0
2026-05-23 03:43:31,009 | INFO | FPS: 12.44
2026-05-23 03:43:31,089 | INFO | Detections: 1
2026-05-23 03:43:31,090 | INFO | FPS: 12.36
2026-05-23 03:43:31,166 | INFO | Detections: 1
2026-05-23 03:43:31,167 | INFO | FPS: 13.04
2026-05-23 03:43:31,241 | INFO | Detections: 1
2026-05-23 03:43:31,242 | INFO | FPS: 13.35
2026-05-23 03:43:31,317 | INFO | Detections: 1
2026-05-23 03:43:31,318 | INFO | FPS: 13.15
2026-05-23 03:43:31,393 | INFO | Detections: 1
2026-05-23 03:43:31,393 | INFO | FPS: 13.25
2026-05-23 03:43:31,465 | INFO | Detections: 1
2026-05-23 03:43:31,466 | INFO | FPS: 13.74
2026-05-23 03:43:31,540 | INFO | Detections: 1
2026-05-23 03:43:31,540 | INFO | FPS: 13.52
2026-05-23 03:43:31,615 | INFO | Detections: 2
2026-05-23 03:43:31,615 | INFO | FPS: 13.26
2026-05-23 03:43:31,689 | INFO | Detections: 1
2026-05-23 03:43:31,689 | INFO | FPS: 13.47
2026-05-23 03:43:31,770 | INFO | Detections: 1
2026-05-23 03:43:31,770 | INFO | FPS: 12.41
2026-05-23 03:43:31,847 | INFO | Detections: 1
2026-05-23 03:43:31,848 | INFO | FPS: 12.75
2026-05-23 03:43:31,922 | INFO | Detections: 1
2026-05-23 03:43:31,922 | INFO | FPS: 13.54
2026-05-23 03:43:32,009 | INFO | Detections: 1
2026-05-23 03:43:32,010 | INFO | FPS: 11.58
2026-05-23 03:43:32,098 | INFO | Detections: 1
2026-05-23 03:43:32,098 | INFO | FPS: 11.24
2026-05-23 03:43:32,182 | INFO | Detections: 1
2026-05-23 03:43:32,183 | INFO | FPS: 11.75
2026-05-23 03:43:32,267 | INFO | Detections: 1
2026-05-23 03:43:32,267 | INFO | FPS: 11.94
2026-05-23 03:43:32,344 | INFO | Detections: 1
2026-05-23 03:43:32,344 | INFO | FPS: 12.85
2026-05-23 03:43:32,422 | INFO | Detections: 1
2026-05-23 03:43:32,422 | INFO | FPS: 12.9
2026-05-23 03:43:32,493 | INFO | Detections: 1
2026-05-23 03:43:32,494 | INFO | FPS: 13.79
2026-05-23 03:43:32,562 | INFO | Detections: 1
2026-05-23 03:43:32,563 | INFO | FPS: 14.53
2026-05-23 03:43:32,633 | INFO | Detections: 1
2026-05-23 03:43:32,634 | INFO | FPS: 14.1
2026-05-23 03:43:32,708 | INFO | Detections: 1
2026-05-23 03:43:32,709 | INFO | FPS: 13.4
2026-05-23 03:43:32,780 | INFO | Detections: 2
2026-05-23 03:43:32,780 | INFO | FPS: 14.0
2026-05-23 03:43:32,851 | INFO | Detections: 1
2026-05-23 03:43:32,852 | INFO | FPS: 13.89
2026-05-23 03:43:32,926 | INFO | Detections: 1
2026-05-23 03:43:32,926 | INFO | FPS: 13.53
2026-05-23 03:43:33,002 | INFO | Detections: 2
2026-05-23 03:43:33,004 | INFO | FPS: 12.78
2026-05-23 03:43:33,087 | INFO | Detections: 2
2026-05-23 03:43:33,088 | INFO | FPS: 12.01
2026-05-23 03:43:33,178 | INFO | Detections: 2
2026-05-23 03:43:33,179 | INFO | FPS: 10.89
2026-05-23 03:43:33,274 | INFO | Detections: 2
2026-05-23 03:43:33,274 | INFO | FPS: 10.6
2026-05-23 03:43:33,362 | INFO | Detections: 3
2026-05-23 03:43:33,363 | INFO | FPS: 11.17
2026-05-23 03:43:33,449 | INFO | Detections: 2
2026-05-23 03:43:33,450 | INFO | FPS: 11.54
2026-05-23 03:43:33,526 | INFO | Detections: 3
2026-05-23 03:43:33,528 | INFO | FPS: 13.08
2026-05-23 03:43:33,619 | INFO | Detections: 3
2026-05-23 03:43:33,619 | INFO | FPS: 10.75
2026-05-23 03:43:33,704 | INFO | Detections: 2
2026-05-23 03:43:33,705 | INFO | FPS: 11.64
2026-05-23 03:43:33,783 | INFO | Detections: 2
2026-05-23 03:43:33,784 | INFO | FPS: 12.71
2026-05-23 03:43:33,854 | INFO | Detections: 3
2026-05-23 03:43:33,854 | INFO | FPS: 14.26
2026-05-23 03:43:33,928 | INFO | Detections: 3
2026-05-23 03:43:33,929 | INFO | FPS: 13.33
2026-05-23 03:43:34,001 | INFO | Detections: 2
2026-05-23 03:43:34,002 | INFO | FPS: 13.65
2026-05-23 03:43:34,076 | INFO | Detections: 1
2026-05-23 03:43:34,077 | INFO | FPS: 13.47
2026-05-23 03:43:34,155 | INFO | Detections: 1
2026-05-23 03:43:34,156 | INFO | FPS: 12.53
2026-05-23 03:43:34,231 | INFO | Detections: 1
2026-05-23 03:43:34,231 | INFO | FPS: 13.49
2026-05-23 03:43:34,304 | INFO | Detections: 2
2026-05-23 03:43:34,305 | INFO | FPS: 13.52
2026-05-23 03:43:34,385 | INFO | Detections: 1
2026-05-23 03:43:34,386 | INFO | FPS: 12.29
2026-05-23 03:43:34,461 | INFO | Detections: 1
2026-05-23 03:43:34,461 | INFO | FPS: 13.33
2026-05-23 03:43:34,537 | INFO | Detections: 2
2026-05-23 03:43:34,538 | INFO | FPS: 13.0
2026-05-23 03:43:34,619 | INFO | Detections: 2
2026-05-23 03:43:34,620 | INFO | FPS: 12.19
2026-05-23 03:43:34,693 | INFO | Detections: 2
2026-05-23 03:43:34,693 | INFO | FPS: 13.63
2026-05-23 03:43:34,767 | INFO | Detections: 2
2026-05-23 03:43:34,768 | INFO | FPS: 13.42
2026-05-23 03:43:34,847 | INFO | Detections: 2
2026-05-23 03:43:34,848 | INFO | FPS: 12.42
2026-05-23 03:43:34,922 | INFO | Detections: 3
2026-05-23 03:43:34,923 | INFO | FPS: 13.34
2026-05-23 03:43:34,996 | INFO | Detections: 3
2026-05-23 03:43:34,997 | INFO | FPS: 13.58
2026-05-23 03:43:35,074 | INFO | Detections: 2
2026-05-23 03:43:35,075 | INFO | FPS: 12.73
2026-05-23 03:43:35,151 | INFO | Detections: 2
2026-05-23 03:43:35,152 | INFO | FPS: 13.09
2026-05-23 03:43:35,225 | INFO | Detections: 2
2026-05-23 03:43:35,226 | INFO | FPS: 13.42
2026-05-23 03:43:35,302 | INFO | Detections: 2
2026-05-23 03:43:35,303 | INFO | FPS: 13.0
2026-05-23 03:43:35,385 | INFO | Detections: 2
2026-05-23 03:43:35,385 | INFO | FPS: 12.19
2026-05-23 03:43:35,467 | INFO | Detections: 2
2026-05-23 03:43:35,467 | INFO | FPS: 12.24
2026-05-23 03:43:35,496 | INFO | Screenshot saved: outputs/screenshots/frame_300.jpg
2026-05-23 03:43:35,576 | INFO | Detections: 2
2026-05-23 03:43:35,577 | INFO | FPS: 9.11
2026-05-23 03:43:35,652 | INFO | Detections: 2
2026-05-23 03:43:35,653 | INFO | FPS: 13.12
2026-05-23 03:43:35,728 | INFO | Detections: 1
2026-05-23 03:43:35,728 | INFO | FPS: 13.29
2026-05-23 03:43:35,805 | INFO | Detections: 3
2026-05-23 03:43:35,806 | INFO | FPS: 12.97
2026-05-23 03:43:35,882 | INFO | Detections: 1
2026-05-23 03:43:35,883 | INFO | FPS: 12.83
2026-05-23 03:43:35,960 | INFO | Detections: 1
2026-05-23 03:43:35,960 | INFO | FPS: 13.08
2026-05-23 03:43:36,037 | INFO | Detections: 1
2026-05-23 03:43:36,037 | INFO | FPS: 12.84
2026-05-23 03:43:36,112 | INFO | Detections: 1
2026-05-23 03:43:36,113 | INFO | FPS: 13.18
2026-05-23 03:43:36,191 | INFO | Detections: 1
2026-05-23 03:43:36,191 | INFO | FPS: 12.93
2026-05-23 03:43:36,265 | INFO | Detections: 1
2026-05-23 03:43:36,266 | INFO | FPS: 13.25
2026-05-23 03:43:36,339 | INFO | Detections: 1
2026-05-23 03:43:36,341 | INFO | FPS: 13.45
2026-05-23 03:43:36,425 | INFO | Detections: 1
2026-05-23 03:43:36,426 | INFO | FPS: 11.71
2026-05-23 03:43:36,505 | INFO | Detections: 1
2026-05-23 03:43:36,505 | INFO | FPS: 12.61
2026-05-23 03:43:36,581 | INFO | Detections: 2
2026-05-23 03:43:36,581 | INFO | FPS: 13.13
2026-05-23 03:43:36,654 | INFO | Detections: 2
2026-05-23 03:43:36,655 | INFO | FPS: 13.54
2026-05-23 03:43:36,729 | INFO | Detections: 2
2026-05-23 03:43:36,730 | INFO | FPS: 13.41
2026-05-23 03:43:36,803 | INFO | Detections: 1
2026-05-23 03:43:36,803 | INFO | FPS: 13.75
2026-05-23 03:43:36,880 | INFO | Detections: 2
2026-05-23 03:43:36,881 | INFO | FPS: 12.72
2026-05-23 03:43:36,970 | INFO | Detections: 2
2026-05-23 03:43:36,970 | INFO | FPS: 11.3
2026-05-23 03:43:37,071 | INFO | Detections: 2
2026-05-23 03:43:37,071 | INFO | FPS: 9.87
2026-05-23 03:43:37,163 | INFO | Detections: 1
2026-05-23 03:43:37,164 | INFO | FPS: 10.79
2026-05-23 03:43:37,247 | INFO | Detections: 1
2026-05-23 03:43:37,247 | INFO | FPS: 11.98
2026-05-23 03:43:37,320 | INFO | Detections: 1
2026-05-23 03:43:37,321 | INFO | FPS: 13.48
2026-05-23 03:43:37,401 | INFO | Detections: 1
2026-05-23 03:43:37,403 | INFO | FPS: 12.29
2026-05-23 03:43:37,478 | INFO | Detections: 2
2026-05-23 03:43:37,478 | INFO | FPS: 13.19
2026-05-23 03:43:37,549 | INFO | Detections: 1
2026-05-23 03:43:37,549 | INFO | FPS: 14.1
2026-05-23 03:43:37,620 | INFO | Detections: 1
2026-05-23 03:43:37,621 | INFO | FPS: 13.89
2026-05-23 03:43:37,699 | INFO | Detections: 1
2026-05-23 03:43:37,699 | INFO | FPS: 12.84
2026-05-23 03:43:37,770 | INFO | Detections: 3
2026-05-23 03:43:37,771 | INFO | FPS: 13.91
2026-05-23 03:43:37,843 | INFO | Detections: 2
2026-05-23 03:43:37,844 | INFO | FPS: 13.8
2026-05-23 03:43:37,924 | INFO | Detections: 2
2026-05-23 03:43:37,924 | INFO | FPS: 12.39
2026-05-23 03:43:38,002 | INFO | Detections: 1
2026-05-23 03:43:38,002 | INFO | FPS: 12.9
2026-05-23 03:43:38,079 | INFO | Detections: 1
2026-05-23 03:43:38,080 | INFO | FPS: 12.86
2026-05-23 03:43:38,157 | INFO | Detections: 1
2026-05-23 03:43:38,158 | INFO | FPS: 12.84
2026-05-23 03:43:38,233 | INFO | Detections: 1
2026-05-23 03:43:38,233 | INFO | FPS: 13.3
2026-05-23 03:43:38,308 | INFO | Detections: 2
2026-05-23 03:43:38,309 | INFO | FPS: 13.19
2026-05-23 03:43:38,382 | INFO | Detections: 1
2026-05-23 03:43:38,382 | INFO | FPS: 13.67
2026-05-23 03:43:38,457 | INFO | Detections: 1
2026-05-23 03:43:38,458 | INFO | FPS: 13.1
2026-05-23 03:43:38,533 | INFO | Detections: 1
2026-05-23 03:43:38,533 | INFO | FPS: 13.26
2026-05-23 03:43:38,613 | INFO | Detections: 1
2026-05-23 03:43:38,613 | INFO | FPS: 12.53
2026-05-23 03:43:38,687 | INFO | Detections: 1
2026-05-23 03:43:38,688 | INFO | FPS: 13.39
2026-05-23 03:43:38,765 | INFO | Detections: 1
2026-05-23 03:43:38,766 | INFO | FPS: 12.86
2026-05-23 03:43:38,839 | INFO | Detections: 1
2026-05-23 03:43:38,840 | INFO | FPS: 13.38
2026-05-23 03:43:38,926 | INFO | Detections: 1
2026-05-23 03:43:38,926 | INFO | FPS: 11.69
2026-05-23 03:43:39,009 | INFO | Detections: 1
2026-05-23 03:43:39,010 | INFO | FPS: 11.83
2026-05-23 03:43:39,086 | INFO | Detections: 1
2026-05-23 03:43:39,087 | INFO | FPS: 13.04
2026-05-23 03:43:39,169 | INFO | Detections: 1
2026-05-23 03:43:39,170 | INFO | FPS: 12.05
2026-05-23 03:43:39,247 | INFO | Detections: 1
2026-05-23 03:43:39,247 | INFO | FPS: 13.04
2026-05-23 03:43:39,323 | INFO | Detections: 1
2026-05-23 03:43:39,323 | INFO | FPS: 13.1
2026-05-23 03:43:39,403 | INFO | Detections: 2
2026-05-23 03:43:39,403 | INFO | FPS: 12.57
2026-05-23 03:43:39,479 | INFO | Detections: 2
2026-05-23 03:43:39,479 | INFO | FPS: 13.05
2026-05-23 03:43:39,554 | INFO | Detections: 1
2026-05-23 03:43:39,554 | INFO | FPS: 13.35
2026-05-23 03:43:39,632 | INFO | Detections: 1
2026-05-23 03:43:39,632 | INFO | FPS: 12.82
2026-05-23 03:43:39,708 | INFO | Detections: 1
2026-05-23 03:43:39,709 | INFO | FPS: 13.11
2026-05-23 03:43:39,781 | INFO | Detections: 1
2026-05-23 03:43:39,781 | INFO | FPS: 13.71
2026-05-23 03:43:39,860 | INFO | Detections: 1
2026-05-23 03:43:39,861 | INFO | FPS: 12.58
2026-05-23 03:43:39,934 | INFO | Detections: 2
2026-05-23 03:43:39,935 | INFO | FPS: 13.46
2026-05-23 03:43:40,013 | INFO | Detections: 1
2026-05-23 03:43:40,013 | INFO | FPS: 12.83
2026-05-23 03:43:40,091 | INFO | Detections: 1
2026-05-23 03:43:40,092 | INFO | FPS: 12.68
2026-05-23 03:43:40,167 | INFO | Detections: 1
2026-05-23 03:43:40,167 | INFO | FPS: 13.38
2026-05-23 03:43:40,241 | INFO | Detections: 1
2026-05-23 03:43:40,241 | INFO | FPS: 13.45
2026-05-23 03:43:40,316 | INFO | Detections: 2
2026-05-23 03:43:40,317 | INFO | FPS: 13.11
2026-05-23 03:43:40,392 | INFO | Detections: 2
2026-05-23 03:43:40,393 | INFO | FPS: 13.18
2026-05-23 03:43:40,465 | INFO | Detections: 1
2026-05-23 03:43:40,465 | INFO | FPS: 13.89
2026-05-23 03:43:40,535 | INFO | Detections: 2
2026-05-23 03:43:40,537 | INFO | FPS: 14.01
2026-05-23 03:43:40,614 | INFO | Detections: 1
2026-05-23 03:43:40,614 | INFO | FPS: 13.02
2026-05-23 03:43:40,688 | INFO | Detections: 1
2026-05-23 03:43:40,688 | INFO | FPS: 13.42
2026-05-23 03:43:40,764 | INFO | Detections: 1
2026-05-23 03:43:40,765 | INFO | FPS: 13.05
2026-05-23 03:43:40,841 | INFO | Detections: 1
2026-05-23 03:43:40,841 | INFO | FPS: 13.12
2026-05-23 03:43:40,915 | INFO | Detections: 1
2026-05-23 03:43:40,917 | INFO | FPS: 13.17
2026-05-23 03:43:40,990 | INFO | Detections: 1
2026-05-23 03:43:40,991 | INFO | FPS: 13.5
2026-05-23 03:43:41,068 | INFO | Detections: 1
2026-05-23 03:43:41,069 | INFO | FPS: 12.96
2026-05-23 03:43:41,145 | INFO | Detections: 1
2026-05-23 03:43:41,145 | INFO | FPS: 12.99
2026-05-23 03:43:41,220 | INFO | Detections: 1
2026-05-23 03:43:41,220 | INFO | FPS: 13.24
2026-05-23 03:43:41,300 | INFO | Detections: 1
2026-05-23 03:43:41,301 | INFO | FPS: 12.37
2026-05-23 03:43:41,375 | INFO | Detections: 1
2026-05-23 03:43:41,376 | INFO | FPS: 13.36
2026-05-23 03:43:41,451 | INFO | Detections: 1
2026-05-23 03:43:41,452 | INFO | FPS: 13.26
2026-05-23 03:43:41,529 | INFO | Detections: 1
2026-05-23 03:43:41,529 | INFO | FPS: 12.98
2026-05-23 03:43:41,602 | INFO | Detections: 1
2026-05-23 03:43:41,602 | INFO | FPS: 13.64
2026-05-23 03:43:41,675 | INFO | Detections: 1
2026-05-23 03:43:41,676 | INFO | FPS: 13.49
2026-05-23 03:43:41,757 | INFO | Detections: 1
2026-05-23 03:43:41,758 | INFO | FPS: 12.25
2026-05-23 03:43:41,836 | INFO | Detections: 1
2026-05-23 03:43:41,836 | INFO | FPS: 12.82
2026-05-23 03:43:41,916 | INFO | Detections: 2
2026-05-23 03:43:41,917 | INFO | FPS: 12.26
2026-05-23 03:43:42,022 | INFO | Detections: 2
2026-05-23 03:43:42,023 | INFO | FPS: 9.5
2026-05-23 03:43:42,128 | INFO | Detections: 3
2026-05-23 03:43:42,129 | INFO | FPS: 9.37
2026-05-23 03:43:42,238 | INFO | Detections: 3
2026-05-23 03:43:42,239 | INFO | FPS: 9.11
2026-05-23 03:43:42,327 | INFO | Detections: 3
2026-05-23 03:43:42,328 | INFO | FPS: 11.2
2026-05-23 03:43:42,401 | INFO | Detections: 3
2026-05-23 03:43:42,402 | INFO | FPS: 13.58
2026-05-23 03:43:42,476 | INFO | Detections: 3
2026-05-23 03:43:42,477 | INFO | FPS: 13.28
2026-05-23 03:43:42,554 | INFO | Detections: 3
2026-05-23 03:43:42,554 | INFO | FPS: 12.98
2026-05-23 03:43:42,633 | INFO | Detections: 3
2026-05-23 03:43:42,633 | INFO | FPS: 12.73
2026-05-23 03:43:42,709 | INFO | Detections: 3
2026-05-23 03:43:42,710 | INFO | FPS: 12.92
2026-05-23 03:43:42,784 | INFO | Detections: 3
2026-05-23 03:43:42,785 | INFO | FPS: 13.42
2026-05-23 03:43:42,857 | INFO | Detections: 2
2026-05-23 03:43:42,858 | INFO | FPS: 13.69
2026-05-23 03:43:42,936 | INFO | Detections: 3
2026-05-23 03:43:42,936 | INFO | FPS: 12.81
2026-05-23 03:43:43,017 | INFO | Detections: 3
2026-05-23 03:43:43,018 | INFO | FPS: 12.22
2026-05-23 03:43:43,093 | INFO | Detections: 3
2026-05-23 03:43:43,094 | INFO | FPS: 13.06
2026-05-23 03:43:43,174 | INFO | Detections: 2
2026-05-23 03:43:43,174 | INFO | FPS: 12.49
2026-05-23 03:43:43,378 | INFO | Detections: 2
2026-05-23 03:43:43,379 | INFO | FPS: 4.89
2026-05-23 03:43:43,454 | INFO | Detections: 2
2026-05-23 03:43:43,455 | INFO | FPS: 13.37
2026-05-23 03:43:43,483 | INFO | Screenshot saved: outputs/screenshots/frame_400.jpg
2026-05-23 03:43:43,557 | INFO | Detections: 2
2026-05-23 03:43:43,558 | INFO | FPS: 9.59
2026-05-23 03:43:43,631 | INFO | Detections: 2
2026-05-23 03:43:43,632 | INFO | FPS: 13.53
2026-05-23 03:43:43,707 | INFO | Detections: 2
2026-05-23 03:43:43,708 | INFO | FPS: 13.13
2026-05-23 03:43:43,782 | INFO | Detections: 2
2026-05-23 03:43:43,782 | INFO | FPS: 13.57
2026-05-23 03:43:43,857 | INFO | Detections: 2
2026-05-23 03:43:43,857 | INFO | FPS: 13.41
2026-05-23 03:43:43,940 | INFO | Detections: 2
2026-05-23 03:43:43,941 | INFO | FPS: 11.78
2026-05-23 03:43:44,014 | INFO | Detections: 2
2026-05-23 03:43:44,015 | INFO | FPS: 13.55
2026-05-23 03:43:44,087 | INFO | Detections: 2
2026-05-23 03:43:44,087 | INFO | FPS: 13.97
2026-05-23 03:43:44,162 | INFO | Detections: 2
2026-05-23 03:43:44,163 | INFO | FPS: 13.11
2026-05-23 03:43:44,238 | INFO | Detections: 2
2026-05-23 03:43:44,239 | INFO | FPS: 13.24
2026-05-23 03:43:44,317 | INFO | Detections: 2
2026-05-23 03:43:44,318 | INFO | FPS: 12.64
2026-05-23 03:43:44,393 | INFO | Detections: 2
2026-05-23 03:43:44,393 | INFO | FPS: 13.26
2026-05-23 03:43:44,467 | INFO | Detections: 1
2026-05-23 03:43:44,467 | INFO | FPS: 13.59
2026-05-23 03:43:44,542 | INFO | Detections: 1
2026-05-23 03:43:44,543 | INFO | FPS: 13.09
2026-05-23 03:43:44,620 | INFO | Detections: 1
2026-05-23 03:43:44,621 | INFO | FPS: 12.88
2026-05-23 03:43:44,692 | INFO | Detections: 1
2026-05-23 03:43:44,693 | INFO | FPS: 13.85
2026-05-23 03:43:44,767 | INFO | Detections: 1
2026-05-23 03:43:44,768 | INFO | FPS: 13.38
2026-05-23 03:43:44,858 | INFO | Detections: 1
2026-05-23 03:43:44,859 | INFO | FPS: 10.97
2026-05-23 03:43:44,935 | INFO | Detections: 1
2026-05-23 03:43:44,936 | INFO | FPS: 13.05
2026-05-23 03:43:45,009 | INFO | Detections: 1
2026-05-23 03:43:45,010 | INFO | FPS: 13.43
2026-05-23 03:43:45,081 | INFO | Detections: 1
2026-05-23 03:43:45,081 | INFO | FPS: 13.99
2026-05-23 03:43:45,161 | INFO | Detections: 1
2026-05-23 03:43:45,161 | INFO | FPS: 12.6
2026-05-23 03:43:45,238 | INFO | Detections: 1
2026-05-23 03:43:45,238 | INFO | FPS: 12.89
2026-05-23 03:43:45,312 | INFO | Detections: 1
2026-05-23 03:43:45,313 | INFO | FPS: 13.33
2026-05-23 03:43:45,387 | INFO | Detections: 1
2026-05-23 03:43:45,387 | INFO | FPS: 13.62
2026-05-23 03:43:45,467 | INFO | Detections: 1
2026-05-23 03:43:45,467 | INFO | FPS: 12.5
2026-05-23 03:43:45,543 | INFO | Detections: 2
2026-05-23 03:43:45,544 | INFO | FPS: 12.92
2026-05-23 03:43:45,619 | INFO | Detections: 1
2026-05-23 03:43:45,619 | INFO | FPS: 13.43
2026-05-23 03:43:45,697 | INFO | Detections: 1
2026-05-23 03:43:45,698 | INFO | FPS: 12.59
2026-05-23 03:43:45,768 | INFO | Detections: 2
2026-05-23 03:43:45,768 | INFO | FPS: 14.36
2026-05-23 03:43:45,845 | INFO | Detections: 2
2026-05-23 03:43:45,845 | INFO | FPS: 13.01
2026-05-23 03:43:45,922 | INFO | Detections: 1
2026-05-23 03:43:45,922 | INFO | FPS: 12.91
2026-05-23 03:43:45,999 | INFO | Detections: 1
2026-05-23 03:43:46,000 | INFO | FPS: 12.79
2026-05-23 03:43:46,074 | INFO | Detections: 3
2026-05-23 03:43:46,075 | INFO | FPS: 13.36
2026-05-23 03:43:46,148 | INFO | Detections: 3
2026-05-23 03:43:46,149 | INFO | FPS: 13.55
2026-05-23 03:43:46,225 | INFO | Detections: 2
2026-05-23 03:43:46,226 | INFO | FPS: 12.91
2026-05-23 03:43:46,295 | INFO | Detections: 1
2026-05-23 03:43:46,296 | INFO | FPS: 14.46
2026-05-23 03:43:46,376 | INFO | Detections: 1
2026-05-23 03:43:46,378 | INFO | FPS: 12.08
2026-05-23 03:43:46,464 | INFO | Detections: 1
2026-05-23 03:43:46,465 | INFO | FPS: 11.5
2026-05-23 03:43:46,540 | INFO | Detections: 1
2026-05-23 03:43:46,540 | INFO | FPS: 13.42
2026-05-23 03:43:46,617 | INFO | Detections: 2
2026-05-23 03:43:46,617 | INFO | FPS: 12.97
2026-05-23 03:43:46,691 | INFO | Detections: 2
2026-05-23 03:43:46,692 | INFO | FPS: 13.3
2026-05-23 03:43:46,766 | INFO | Detections: 2
2026-05-23 03:43:46,767 | INFO | FPS: 13.33
2026-05-23 03:43:46,842 | INFO | Detections: 2
2026-05-23 03:43:46,842 | INFO | FPS: 13.41
2026-05-23 03:43:46,916 | INFO | Detections: 2
2026-05-23 03:43:46,918 | INFO | FPS: 13.15
2026-05-23 03:43:46,994 | INFO | Detections: 2
2026-05-23 03:43:46,995 | INFO | FPS: 12.87
2026-05-23 03:43:47,069 | INFO | Detections: 2
2026-05-23 03:43:47,070 | INFO | FPS: 13.46
2026-05-23 03:43:47,162 | INFO | Detections: 2
2026-05-23 03:43:47,162 | INFO | FPS: 10.84
2026-05-23 03:43:47,235 | INFO | Detections: 2
2026-05-23 03:43:47,237 | INFO | FPS: 13.36
2026-05-23 03:43:47,312 | INFO | Detections: 2
2026-05-23 03:43:47,312 | INFO | FPS: 13.25
2026-05-23 03:43:47,387 | INFO | Detections: 2
2026-05-23 03:43:47,388 | INFO | FPS: 13.26
2026-05-23 03:43:47,457 | INFO | Detections: 1
2026-05-23 03:43:47,457 | INFO | FPS: 14.41
2026-05-23 03:43:47,532 | INFO | Detections: 1
2026-05-23 03:43:47,532 | INFO | FPS: 13.43
2026-05-23 03:43:47,606 | INFO | Detections: 2
2026-05-23 03:43:47,607 | INFO | FPS: 13.3
2026-05-23 03:43:47,682 | INFO | Detections: 2
2026-05-23 03:43:47,682 | INFO | FPS: 13.23
2026-05-23 03:43:47,756 | INFO | Detections: 2
2026-05-23 03:43:47,757 | INFO | FPS: 13.41
2026-05-23 03:43:47,829 | INFO | Detections: 1
2026-05-23 03:43:47,830 | INFO | FPS: 13.6
2026-05-23 03:43:47,904 | INFO | Detections: 1
2026-05-23 03:43:47,905 | INFO | FPS: 13.35
2026-05-23 03:43:47,978 | INFO | Detections: 1
2026-05-23 03:43:47,979 | INFO | FPS: 13.66
2026-05-23 03:43:48,059 | INFO | Detections: 1
2026-05-23 03:43:48,059 | INFO | FPS: 12.39
2026-05-23 03:43:48,133 | INFO | Detections: 1
2026-05-23 03:43:48,134 | INFO | FPS: 13.35
2026-05-23 03:43:48,212 | INFO | Detections: 2
2026-05-23 03:43:48,212 | INFO | FPS: 12.78
2026-05-23 03:43:48,286 | INFO | Detections: 1
2026-05-23 03:43:48,286 | INFO | FPS: 13.62
2026-05-23 03:43:48,362 | INFO | Detections: 1
2026-05-23 03:43:48,362 | INFO | FPS: 13.06
2026-05-23 03:43:48,436 | INFO | Detections: 1
2026-05-23 03:43:48,436 | INFO | FPS: 13.54
2026-05-23 03:43:48,512 | INFO | Detections: 1
2026-05-23 03:43:48,512 | INFO | FPS: 13.17
2026-05-23 03:43:48,584 | INFO | Detections: 1
2026-05-23 03:43:48,585 | INFO | FPS: 13.8
2026-05-23 03:43:48,657 | INFO | Detections: 1
2026-05-23 03:43:48,658 | INFO | FPS: 13.58
2026-05-23 03:43:48,763 | INFO | Detections: 1
2026-05-23 03:43:48,763 | INFO | FPS: 9.55
2026-05-23 03:43:48,839 | INFO | Detections: 1
2026-05-23 03:43:48,839 | INFO | FPS: 13.19
2026-05-23 03:43:48,912 | INFO | Detections: 1
2026-05-23 03:43:48,913 | INFO | FPS: 13.45
2026-05-23 03:43:48,982 | INFO | Detections: 1
2026-05-23 03:43:48,983 | INFO | FPS: 14.36
2026-05-23 03:43:49,054 | INFO | Detections: 1
2026-05-23 03:43:49,055 | INFO | FPS: 13.83
2026-05-23 03:43:49,139 | INFO | Detections: 1
2026-05-23 03:43:49,140 | INFO | FPS: 11.71
2026-05-23 03:43:49,222 | INFO | Detections: 1
2026-05-23 03:43:49,222 | INFO | FPS: 12.27
2026-05-23 03:43:49,296 | INFO | Detections: 1
2026-05-23 03:43:49,298 | INFO | FPS: 13.22
2026-05-23 03:43:49,368 | INFO | Detections: 1
2026-05-23 03:43:49,369 | INFO | FPS: 13.91
2026-05-23 03:43:49,454 | INFO | Detections: 1
2026-05-23 03:43:49,455 | INFO | FPS: 11.66
2026-05-23 03:43:49,529 | INFO | Detections: 1
2026-05-23 03:43:49,529 | INFO | FPS: 13.47
2026-05-23 03:43:49,603 | INFO | Detections: 1
2026-05-23 03:43:49,603 | INFO | FPS: 13.56
2026-05-23 03:43:49,680 | INFO | Detections: 1
2026-05-23 03:43:49,680 | INFO | FPS: 13.02
2026-05-23 03:43:49,752 | INFO | Detections: 1
2026-05-23 03:43:49,753 | INFO | FPS: 13.99
2026-05-23 03:43:49,826 | INFO | Detections: 2
2026-05-23 03:43:49,827 | INFO | FPS: 13.27
2026-05-23 03:43:49,895 | INFO | Detections: 1
2026-05-23 03:43:49,895 | INFO | FPS: 14.63
2026-05-23 03:43:49,970 | INFO | Detections: 1
2026-05-23 03:43:49,971 | INFO | FPS: 13.2
2026-05-23 03:43:50,045 | INFO | Detections: 1
2026-05-23 03:43:50,045 | INFO | FPS: 13.42
2026-05-23 03:43:50,119 | INFO | Detections: 1
2026-05-23 03:43:50,119 | INFO | FPS: 13.63
2026-05-23 03:43:50,197 | INFO | Detections: 1
2026-05-23 03:43:50,198 | INFO | FPS: 12.71
2026-05-23 03:43:50,269 | INFO | Detections: 1
2026-05-23 03:43:50,270 | INFO | FPS: 13.77
2026-05-23 03:43:50,363 | INFO | Detections: 1
2026-05-23 03:43:50,363 | INFO | FPS: 10.78
2026-05-23 03:43:50,436 | INFO | Detections: 1
2026-05-23 03:43:50,436 | INFO | FPS: 13.75
2026-05-23 03:43:50,511 | INFO | Detections: 2
2026-05-23 03:43:50,511 | INFO | FPS: 13.35
2026-05-23 03:43:50,583 | INFO | Detections: 2
2026-05-23 03:43:50,583 | INFO | FPS: 13.84
2026-05-23 03:43:50,657 | INFO | Detections: 2
2026-05-23 03:43:50,658 | INFO | FPS: 13.35
2026-05-23 03:43:50,735 | INFO | Detections: 2
2026-05-23 03:43:50,736 | INFO | FPS: 12.75
2026-05-23 03:43:50,811 | INFO | Detections: 2
2026-05-23 03:43:50,811 | INFO | FPS: 13.38
2026-05-23 03:43:50,880 | INFO | Detections: 1
2026-05-23 03:43:50,881 | INFO | FPS: 14.26
2026-05-23 03:43:50,953 | INFO | Detections: 1
2026-05-23 03:43:50,954 | INFO | FPS: 13.72
2026-05-23 03:43:51,031 | INFO | Detections: 1
2026-05-23 03:43:51,031 | INFO | FPS: 12.93
2026-05-23 03:43:51,105 | INFO | Detections: 2
2026-05-23 03:43:51,106 | INFO | FPS: 13.43
2026-05-23 03:43:51,132 | INFO | Screenshot saved: outputs/screenshots/frame_500.jpg
2026-05-23 03:43:51,205 | INFO | Detections: 3
2026-05-23 03:43:51,206 | INFO | FPS: 10.04
2026-05-23 03:43:51,277 | INFO | Detections: 1
2026-05-23 03:43:51,278 | INFO | FPS: 13.86
2026-05-23 03:43:51,349 | INFO | Detections: 1
2026-05-23 03:43:51,350 | INFO | FPS: 13.81
2026-05-23 03:43:51,424 | INFO | Detections: 1
2026-05-23 03:43:51,424 | INFO | FPS: 13.49
2026-05-23 03:43:51,495 | INFO | Detections: 1
2026-05-23 03:43:51,495 | INFO | FPS: 14.16
2026-05-23 03:43:51,574 | INFO | Detections: 1
2026-05-23 03:43:51,574 | INFO | FPS: 12.55
2026-05-23 03:43:51,650 | INFO | Detections: 1
2026-05-23 03:43:51,651 | INFO | FPS: 13.03
2026-05-23 03:43:51,728 | INFO | Detections: 1
2026-05-23 03:43:51,728 | INFO | FPS: 12.99
2026-05-23 03:43:51,803 | INFO | Detections: 1
2026-05-23 03:43:51,803 | INFO | FPS: 13.4
2026-05-23 03:43:51,876 | INFO | Detections: 1
2026-05-23 03:43:51,876 | INFO | FPS: 13.69
2026-05-23 03:43:51,948 | INFO | Detections: 1
2026-05-23 03:43:51,948 | INFO | FPS: 13.75
2026-05-23 03:43:52,029 | INFO | Detections: 1
2026-05-23 03:43:52,029 | INFO | FPS: 12.48
2026-05-23 03:43:52,103 | INFO | Detections: 1
2026-05-23 03:43:52,103 | INFO | FPS: 13.4
2026-05-23 03:43:52,178 | INFO | Detections: 1
2026-05-23 03:43:52,179 | INFO | FPS: 13.22
2026-05-23 03:43:52,250 | INFO | Detections: 1
2026-05-23 03:43:52,250 | INFO | FPS: 14.11
2026-05-23 03:43:52,333 | INFO | Detections: 1
2026-05-23 03:43:52,334 | INFO | FPS: 11.87
2026-05-23 03:43:52,408 | INFO | Detections: 1
2026-05-23 03:43:52,409 | INFO | FPS: 13.3
2026-05-23 03:43:52,481 | INFO | Detections: 1
2026-05-23 03:43:52,481 | INFO | FPS: 13.84
2026-05-23 03:43:52,558 | INFO | Detections: 1
2026-05-23 03:43:52,558 | INFO | FPS: 13.12
2026-05-23 03:43:52,632 | INFO | Detections: 1
2026-05-23 03:43:52,633 | INFO | FPS: 13.33
2026-05-23 03:43:52,705 | INFO | Detections: 1
2026-05-23 03:43:52,705 | INFO | FPS: 13.83
2026-05-23 03:43:52,777 | INFO | Detections: 1
2026-05-23 03:43:52,777 | INFO | FPS: 13.96
2026-05-23 03:43:52,860 | INFO | Detections: 1
2026-05-23 03:43:52,860 | INFO | FPS: 11.96
2026-05-23 03:43:52,934 | INFO | Detections: 1
2026-05-23 03:43:52,935 | INFO | FPS: 13.45
2026-05-23 03:43:53,008 | INFO | Detections: 2
2026-05-23 03:43:53,008 | INFO | FPS: 13.6
2026-05-23 03:43:53,085 | INFO | Detections: 1
2026-05-23 03:43:53,086 | INFO | FPS: 12.84
2026-05-23 03:43:53,159 | INFO | Detections: 1
2026-05-23 03:43:53,160 | INFO | FPS: 13.57
2026-05-23 03:43:53,234 | INFO | Detections: 1
2026-05-23 03:43:53,234 | INFO | FPS: 13.45
2026-05-23 03:43:53,312 | INFO | Detections: 2
2026-05-23 03:43:53,313 | INFO | FPS: 12.72
2026-05-23 03:43:53,385 | INFO | Detections: 2
2026-05-23 03:43:53,386 | INFO | FPS: 13.56
2026-05-23 03:43:53,458 | INFO | Detections: 2
2026-05-23 03:43:53,459 | INFO | FPS: 13.72
2026-05-23 03:43:53,545 | INFO | Detections: 1
2026-05-23 03:43:53,545 | INFO | FPS: 11.73
2026-05-23 03:43:53,618 | INFO | Detections: 1
2026-05-23 03:43:53,619 | INFO | FPS: 13.36
2026-05-23 03:43:53,695 | INFO | Detections: 1
2026-05-23 03:43:53,695 | INFO | FPS: 13.17
2026-05-23 03:43:53,768 | INFO | Detections: 2
2026-05-23 03:43:53,769 | INFO | FPS: 13.67
2026-05-23 03:43:53,846 | INFO | Detections: 2
2026-05-23 03:43:53,846 | INFO | FPS: 12.95
2026-05-23 03:43:53,925 | INFO | Detections: 1
2026-05-23 03:43:53,927 | INFO | FPS: 12.37
2026-05-23 03:43:54,003 | INFO | Detections: 1
2026-05-23 03:43:54,003 | INFO | FPS: 13.05
2026-05-23 03:43:54,076 | INFO | Detections: 2
2026-05-23 03:43:54,076 | INFO | FPS: 13.8
2026-05-23 03:43:54,152 | INFO | Detections: 2
2026-05-23 03:43:54,153 | INFO | FPS: 12.86
2026-05-23 03:43:54,228 | INFO | Detections: 2
2026-05-23 03:43:54,228 | INFO | FPS: 13.46
2026-05-23 03:43:54,306 | INFO | Detections: 1
2026-05-23 03:43:54,306 | INFO | FPS: 12.79
2026-05-23 03:43:54,378 | INFO | Detections: 1
2026-05-23 03:43:54,378 | INFO | FPS: 13.96
2026-05-23 03:43:54,460 | INFO | Detections: 1
2026-05-23 03:43:54,460 | INFO | FPS: 12.13
2026-05-23 03:43:54,531 | INFO | Detections: 1
2026-05-23 03:43:54,532 | INFO | FPS: 13.81
2026-05-23 03:43:54,604 | INFO | Detections: 1
2026-05-23 03:43:54,604 | INFO | FPS: 14.0
2026-05-23 03:43:54,676 | INFO | Detections: 1
2026-05-23 03:43:54,676 | INFO | FPS: 13.89
2026-05-23 03:43:54,753 | INFO | Detections: 1
2026-05-23 03:43:54,753 | INFO | FPS: 12.88
2026-05-23 03:43:54,825 | INFO | Detections: 1
2026-05-23 03:43:54,826 | INFO | FPS: 13.74
2026-05-23 03:43:54,903 | INFO | Detections: 1
2026-05-23 03:43:54,904 | INFO | FPS: 12.79
2026-05-23 03:43:54,977 | INFO | Detections: 1
2026-05-23 03:43:54,978 | INFO | FPS: 13.65
2026-05-23 03:43:55,051 | INFO | Detections: 1
2026-05-23 03:43:55,051 | INFO | FPS: 13.65
2026-05-23 03:43:55,124 | INFO | Detections: 1
2026-05-23 03:43:55,125 | INFO | FPS: 13.43
2026-05-23 03:43:55,202 | INFO | Detections: 2
2026-05-23 03:43:55,203 | INFO | FPS: 12.92
2026-05-23 03:43:55,278 | INFO | Detections: 1
2026-05-23 03:43:55,278 | INFO | FPS: 13.22
2026-05-23 03:43:55,354 | INFO | Detections: 1
2026-05-23 03:43:55,354 | INFO | FPS: 13.19
2026-05-23 03:43:55,428 | INFO | Detections: 1
2026-05-23 03:43:55,430 | INFO | FPS: 13.26
2026-05-23 03:43:55,507 | INFO | Detections: 1
2026-05-23 03:43:55,508 | INFO | FPS: 12.82
2026-05-23 03:43:55,576 | INFO | Detections: 1
2026-05-23 03:43:55,577 | INFO | FPS: 14.47
2026-05-23 03:43:55,651 | INFO | Detections: 1
2026-05-23 03:43:55,651 | INFO | FPS: 13.52
2026-05-23 03:43:55,727 | INFO | Detections: 1
2026-05-23 03:43:55,728 | INFO | FPS: 12.85
2026-05-23 03:43:55,807 | INFO | Detections: 1
2026-05-23 03:43:55,808 | INFO | FPS: 12.59
2026-05-23 03:43:55,887 | INFO | Detections: 1
2026-05-23 03:43:55,888 | INFO | FPS: 12.47
2026-05-23 03:43:55,964 | INFO | Detections: 1
2026-05-23 03:43:55,964 | INFO | FPS: 13.09
2026-05-23 03:43:56,064 | INFO | Detections: 1
2026-05-23 03:43:56,064 | INFO | FPS: 10.07
2026-05-23 03:43:56,137 | INFO | Detections: 1
2026-05-23 03:43:56,138 | INFO | FPS: 13.4
2026-05-23 03:43:56,217 | INFO | Detections: 1
2026-05-23 03:43:56,217 | INFO | FPS: 12.78
2026-05-23 03:43:56,294 | INFO | Detections: 1
2026-05-23 03:43:56,295 | INFO | FPS: 12.8
2026-05-23 03:43:56,368 | INFO | Detections: 1
2026-05-23 03:43:56,368 | INFO | FPS: 13.72
2026-05-23 03:43:56,445 | INFO | Detections: 1
2026-05-23 03:43:56,446 | INFO | FPS: 12.81
2026-05-23 03:43:56,524 | INFO | Detections: 1
2026-05-23 03:43:56,524 | INFO | FPS: 12.82
2026-05-23 03:43:56,603 | INFO | Detections: 1
2026-05-23 03:43:56,603 | INFO | FPS: 12.57
2026-05-23 03:43:56,678 | INFO | Detections: 1
2026-05-23 03:43:56,678 | INFO | FPS: 13.4
2026-05-23 03:43:56,752 | INFO | Detections: 1
2026-05-23 03:43:56,752 | INFO | FPS: 13.43
2026-05-23 03:43:56,837 | INFO | Detections: 1
2026-05-23 03:43:56,837 | INFO | FPS: 11.86
2026-05-23 03:43:56,916 | INFO | Detections: 1
2026-05-23 03:43:56,917 | INFO | FPS: 12.53
2026-05-23 03:43:56,993 | INFO | Detections: 1
2026-05-23 03:43:56,994 | INFO | FPS: 12.88
2026-05-23 03:43:57,066 | INFO | Detections: 1
2026-05-23 03:43:57,066 | INFO | FPS: 13.99
2026-05-23 03:43:57,146 | INFO | Detections: 1
2026-05-23 03:43:57,146 | INFO | FPS: 12.52
2026-05-23 03:43:57,220 | INFO | Detections: 1
2026-05-23 03:43:57,221 | INFO | FPS: 13.22
2026-05-23 03:43:57,298 | INFO | Detections: 1
2026-05-23 03:43:57,299 | INFO | FPS: 12.93
2026-05-23 03:43:57,372 | INFO | Detections: 1
2026-05-23 03:43:57,373 | INFO | FPS: 13.37
2026-05-23 03:43:57,449 | INFO | Detections: 1
2026-05-23 03:43:57,450 | INFO | FPS: 13.08
2026-05-23 03:43:57,523 | INFO | Detections: 1
2026-05-23 03:43:57,524 | INFO | FPS: 13.4
2026-05-23 03:43:57,602 | INFO | Detections: 1
2026-05-23 03:43:57,602 | INFO | FPS: 12.89
2026-05-23 03:43:57,675 | INFO | Detections: 1
2026-05-23 03:43:57,676 | INFO | FPS: 13.47
2026-05-23 03:43:57,745 | INFO | Detections: 1
2026-05-23 03:43:57,745 | INFO | FPS: 14.63
2026-05-23 03:43:57,829 | INFO | Detections: 1
2026-05-23 03:43:57,829 | INFO | FPS: 11.9
2026-05-23 03:43:57,922 | INFO | Detections: 1
2026-05-23 03:43:57,922 | INFO | FPS: 10.71
2026-05-23 03:43:58,011 | INFO | Detections: 1
2026-05-23 03:43:58,012 | INFO | FPS: 11.08
2026-05-23 03:43:58,089 | INFO | Detections: 1
2026-05-23 03:43:58,089 | INFO | FPS: 13.03
2026-05-23 03:43:58,163 | INFO | Detections: 1
2026-05-23 03:43:58,164 | INFO | FPS: 13.26
2026-05-23 03:43:58,314 | INFO | Detections: 1
2026-05-23 03:43:58,315 | INFO | FPS: 6.65
2026-05-23 03:43:58,438 | INFO | Detections: 1
2026-05-23 03:43:58,438 | INFO | FPS: 8.1
2026-05-23 03:43:58,536 | INFO | Detections: 1
2026-05-23 03:43:58,537 | INFO | FPS: 10.11
2026-05-23 03:43:58,641 | INFO | Detections: 1
2026-05-23 03:43:58,642 | INFO | FPS: 9.57
2026-05-23 03:43:58,740 | INFO | Detections: 1
2026-05-23 03:43:58,741 | INFO | FPS: 10.03
2026-05-23 03:43:58,837 | INFO | Detections: 1
2026-05-23 03:43:58,837 | INFO | FPS: 10.42
2026-05-23 03:43:58,936 | INFO | Detections: 1
2026-05-23 03:43:58,938 | INFO | FPS: 9.97
2026-05-23 03:43:59,027 | INFO | Detections: 1
2026-05-23 03:43:59,028 | INFO | FPS: 11.04
2026-05-23 03:43:59,060 | INFO | Screenshot saved: outputs/screenshots/frame_600.jpg
2026-05-23 03:43:59,152 | INFO | Detections: 1
2026-05-23 03:43:59,153 | INFO | FPS: 8.0
2026-05-23 03:43:59,249 | INFO | Detections: 1
2026-05-23 03:43:59,249 | INFO | FPS: 10.41
2026-05-23 03:43:59,357 | INFO | Detections: 1
2026-05-23 03:43:59,358 | INFO | FPS: 9.19
2026-05-23 03:43:59,454 | INFO | Detections: 1
2026-05-23 03:43:59,454 | INFO | FPS: 10.4
2026-05-23 03:43:59,558 | INFO | Detections: 1
2026-05-23 03:43:59,558 | INFO | FPS: 9.67
